[2024-11-09 12:12:19,229] multiqc                                            [DEBUG  ]  This is MultiQC v1.14
[2024-11-09 12:12:19,230] multiqc                                            [DEBUG  ]  Command used: /home/sam/programs/mambaforge/bin/multiqc .
[2024-11-09 12:12:20,130] multiqc                                            [WARNING]  MultiQC Version v1.25.1 now available!
[2024-11-09 12:12:20,131] multiqc                                            [DEBUG  ]  Working dir : /home/shared/8TB_HDD_01/sam/gitrepos/ceasmallr/output/02.10-bismark-deduplication
[2024-11-09 12:12:20,131] multiqc                                            [DEBUG  ]  Template    : default
[2024-11-09 12:12:20,131] multiqc                                            [DEBUG  ]  Running Python 3.10.10 | packaged by conda-forge | (main, Mar 24 2023, 20:08:06) [GCC 11.3.0]
[2024-11-09 12:12:20,132] multiqc                                            [DEBUG  ]  Analysing modules: custom_content, ccs, ngsderive, purple, conpair, lima, peddy, somalier, methylQA, mosdepth, phantompeakqualtools, qualimap, preseq, hifiasm, quast, qorts, rna_seqc, rockhopper, rsem, rseqc, busco, bustools, goleft_indexcov, gffcompare, disambiguate, supernova, deeptools, sargasso, verifybamid, mirtrace, happy, mirtop, sambamba, gopeaks, homer, hops, macs2, theta2, snpeff, gatk, htseq, bcftools, featureCounts, fgbio, dragen, dragen_fastqc, dedup, pbmarkdup, damageprofiler, biobambam2, jcvi, mtnucratio, picard, vep, sentieon, prokka, qc3C, nanostat, samblaster, samtools, sexdeterrmine, eigenstratdatabasetools, bamtools, jellyfish, vcftools, longranger, stacks, varscan2, snippy, umitools, bbmap, bismark, biscuit, diamond, hicexplorer, hicup, hicpro, salmon, kallisto, slamdunk, star, hisat2, tophat, bowtie2, bowtie1, cellranger, snpsplit, odgi, pangolin, nextclade, humid, kat, leehom, adapterRemoval, bbduk, clipandmerge, cutadapt, flexbar, kaiju, kraken, malt, motus, trimmomatic, sickle, skewer, sortmerna, biobloomtools, fastq_screen, afterqc, fastp, fastqc, filtlong, prinseqplusplus, pychopper, porechop, pycoqc, minionqc, anglerfish, multivcfanalyzer, clusterflow, checkqc, bcl2fastq, bclconvert, interop, ivar, flash, seqyclean, optitype, whatshap
[2024-11-09 12:12:20,132] multiqc                                            [DEBUG  ]  Using temporary directory for creating report: /tmp/tmpsgnjlilx
[2024-11-09 12:12:20,666] multiqc                                            [INFO   ]  Search path : /home/shared/8TB_HDD_01/sam/gitrepos/ceasmallr/output/02.10-bismark-deduplication
[2024-11-09 12:12:20,738] multiqc                                            [DEBUG  ]  Summary of files that were skipped by the search: [skipped_ignore_pattern: 97] // [skipped_no_match: 97]
[2024-11-09 12:12:21,965] multiqc.plots.bargraph                             [DEBUG  ]  Using matplotlib version 3.7.1
[2024-11-09 12:12:21,971] multiqc.plots.linegraph                            [DEBUG  ]  Using matplotlib version 3.7.1
[2024-11-09 12:12:21,972] multiqc                                            [DEBUG  ]  No samples found: custom_content
[2024-11-09 12:12:21,998] multiqc.modules.bismark.bismark                    [DEBUG  ]  Duplicate deduplication sample log found! Overwriting: CF01-CM01-Zygote_R1_001
[2024-11-09 12:12:22,004] multiqc.modules.bismark.bismark                    [INFO   ]  Found 31 dedup reports
[2024-11-09 12:12:22,039] multiqc                                            [INFO   ]  Compressing plot data
[2024-11-09 12:12:22,052] multiqc                                            [INFO   ]  Report      : multiqc_report.html
[2024-11-09 12:12:22,052] multiqc                                            [INFO   ]  Data        : multiqc_data
[2024-11-09 12:12:22,052] multiqc                                            [DEBUG  ]  Moving data file from '/tmp/tmpsgnjlilx/multiqc_data' to '/home/shared/8TB_HDD_01/sam/gitrepos/ceasmallr/output/02.10-bismark-deduplication/multiqc_data'
[2024-11-09 12:12:22,185] multiqc                                            [INFO   ]  MultiQC complete
