Running Bismark for sample EF05-EM05-Zygote with score_min L,0,-0.4
chr NC_035780.1 (65668440 bp)
chr NC_035781.1 (61752955 bp)
chr NC_035782.1 (77061148 bp)
chr NC_035783.1 (59691872 bp)
chr NC_035784.1 (98698416 bp)
chr NC_035785.1 (51258098 bp)
chr NC_035786.1 (57830854 bp)
chr NC_035787.1 (75944018 bp)
chr NC_035788.1 (104168038 bp)
chr NC_035789.1 (32650045 bp)
chr NC_007175.2 (17244 bp)

Number of paired-end alignments with a unique best hit:	495
Mapping efficiency:	5.0%

Sequence pairs with no alignments under any condition:	9219
Sequence pairs did not map uniquely:	286
Sequence pairs which were discarded because genomic sequence could not be extracted:	0

Number of sequence pairs with unique best (first) alignment came from the bowtie output:
CT/GA/CT:	148	((converted) top strand)
GA/CT/CT:	110	(complementary to (converted) top strand)
GA/CT/GA:	109	(complementary to (converted) bottom strand)
CT/GA/GA:	128	((converted) bottom strand)

Sample EF05-EM05-Zygote with score_min L,0,-0.4 processed successfully.
Running Bismark for sample EF05-EM05-Zygote with score_min L,0,-0.6
chr NC_035780.1 (65668440 bp)
chr NC_035781.1 (61752955 bp)
chr NC_035782.1 (77061148 bp)
chr NC_035783.1 (59691872 bp)
chr NC_035784.1 (98698416 bp)
chr NC_035785.1 (51258098 bp)
chr NC_035786.1 (57830854 bp)
chr NC_035787.1 (75944018 bp)
chr NC_035788.1 (104168038 bp)
chr NC_035789.1 (32650045 bp)
chr NC_007175.2 (17244 bp)

Number of paired-end alignments with a unique best hit:	731
Mapping efficiency:	7.3%

Sequence pairs with no alignments under any condition:	8887
Sequence pairs did not map uniquely:	382
Sequence pairs which were discarded because genomic sequence could not be extracted:	0

Number of sequence pairs with unique best (first) alignment came from the bowtie output:
CT/GA/CT:	215	((converted) top strand)
GA/CT/CT:	161	(complementary to (converted) top strand)
GA/CT/GA:	167	(complementary to (converted) bottom strand)
CT/GA/GA:	188	((converted) bottom strand)

Sample EF05-EM05-Zygote with score_min L,0,-0.6 processed successfully.
Running Bismark for sample EF05-EM05-Zygote with score_min L,0,-0.8
chr NC_035780.1 (65668440 bp)
chr NC_035781.1 (61752955 bp)
chr NC_035782.1 (77061148 bp)
chr NC_035783.1 (59691872 bp)
chr NC_035784.1 (98698416 bp)
chr NC_035785.1 (51258098 bp)
chr NC_035786.1 (57830854 bp)
chr NC_035787.1 (75944018 bp)
chr NC_035788.1 (104168038 bp)
chr NC_035789.1 (32650045 bp)
chr NC_007175.2 (17244 bp)

Number of paired-end alignments with a unique best hit:	1043
Mapping efficiency:	10.4%

Sequence pairs with no alignments under any condition:	8457
Sequence pairs did not map uniquely:	500
Sequence pairs which were discarded because genomic sequence could not be extracted:	0

Number of sequence pairs with unique best (first) alignment came from the bowtie output:
CT/GA/CT:	294	((converted) top strand)
GA/CT/CT:	243	(complementary to (converted) top strand)
GA/CT/GA:	231	(complementary to (converted) bottom strand)
CT/GA/GA:	275	((converted) bottom strand)

Sample EF05-EM05-Zygote with score_min L,0,-0.8 processed successfully.
Running Bismark for sample EF05-EM05-Zygote with score_min L,0,-1.0
chr NC_035780.1 (65668440 bp)
chr NC_035781.1 (61752955 bp)
chr NC_035782.1 (77061148 bp)
chr NC_035783.1 (59691872 bp)
chr NC_035784.1 (98698416 bp)
chr NC_035785.1 (51258098 bp)
chr NC_035786.1 (57830854 bp)
chr NC_035787.1 (75944018 bp)
chr NC_035788.1 (104168038 bp)
chr NC_035789.1 (32650045 bp)
chr NC_007175.2 (17244 bp)

Number of paired-end alignments with a unique best hit:	1513
Mapping efficiency:	15.1%

Sequence pairs with no alignments under any condition:	7880
Sequence pairs did not map uniquely:	607
Sequence pairs which were discarded because genomic sequence could not be extracted:	0

Number of sequence pairs with unique best (first) alignment came from the bowtie output:
CT/GA/CT:	403	((converted) top strand)
GA/CT/CT:	378	(complementary to (converted) top strand)
GA/CT/GA:	347	(complementary to (converted) bottom strand)
CT/GA/GA:	385	((converted) bottom strand)

Sample EF05-EM05-Zygote with score_min L,0,-1.0 processed successfully.
Running Bismark for sample EF05-EM05-Zygote with score_min L,-1,-0.6
chr NC_035780.1 (65668440 bp)
chr NC_035781.1 (61752955 bp)
chr NC_035782.1 (77061148 bp)
chr NC_035783.1 (59691872 bp)
chr NC_035784.1 (98698416 bp)
chr NC_035785.1 (51258098 bp)
chr NC_035786.1 (57830854 bp)
chr NC_035787.1 (75944018 bp)
chr NC_035788.1 (104168038 bp)
chr NC_035789.1 (32650045 bp)
chr NC_007175.2 (17244 bp)

Number of paired-end alignments with a unique best hit:	757
Mapping efficiency:	7.6%

Sequence pairs with no alignments under any condition:	8852
Sequence pairs did not map uniquely:	391
Sequence pairs which were discarded because genomic sequence could not be extracted:	0

Number of sequence pairs with unique best (first) alignment came from the bowtie output:
CT/GA/CT:	220	((converted) top strand)
GA/CT/CT:	168	(complementary to (converted) top strand)
GA/CT/GA:	170	(complementary to (converted) bottom strand)
CT/GA/GA:	199	((converted) bottom strand)

Sample EF05-EM05-Zygote with score_min L,-1,-0.6 processed successfully.
All tests for sample EF05-EM05-Zygote completed.
